<?xml version="1.0" encoding="UTF-8"?>
<!-- Generated by org.testng.reporters.JUnitReportReporter -->
<testsuite hostname="YOGESH" failures="0" tests="10" name="com.testNG.DataProviderEx1" time="0.052" errors="0" timestamp="2022-06-24T13:41:19 IST" skipped="0">
  <testcase classname="com.testNG.DataProviderEx1" name="testPrimeNumberChecker" time="0.004"/>
  <system-out/>
  <testcase classname="com.testNG.DataProviderEx1" name="testPrimeNumberChecker" time="0.002"/>
  <system-out/>
  <testcase classname="com.testNG.DataProviderEx1" name="testPrimeNumberChecker" time="0.003"/>
  <system-out/>
  <testcase classname="com.testNG.DataProviderEx1" name="testPrimeNumberChecker" time="0.008"/>
  <system-out/>
  <testcase classname="com.testNG.DataProviderEx1" name="testPrimeNumberChecker" time="0.014"/>
  <system-out/>
  <testcase classname="com.testNG.DataProviderEx1" name="testPrimeNumberChecker" time="0.004"/>
  <system-out/>
  <testcase classname="com.testNG.DataProviderEx1" name="testPrimeNumberChecker" time="0.005"/>
  <system-out/>
  <testcase classname="com.testNG.DataProviderEx1" name="testPrimeNumberChecker" time="0.007"/>
  <system-out/>
  <testcase classname="com.testNG.DataProviderEx1" name="testPrimeNumberChecker" time="0.002"/>
  <system-out/>
  <testcase classname="com.testNG.DataProviderEx1" name="testPrimeNumberChecker" time="0.003"/>
  <system-out/>
</testsuite> <!-- com.testNG.DataProviderEx1 -->
