<?xml version="1.0" encoding="UTF-8"?>
<!-- Generated by org.testng.reporters.JUnitReportReporter -->
<testsuite hostname="YOGESH" failures="0" tests="2" name="com.seleniumParameter.TestNG_Ex1" time="0.011" errors="0" timestamp="2022-06-24T12:35:56 IST" skipped="0">
  <testcase classname="com.seleniumParameter.TestNG_Ex1" name="testAnnotation" time="0.007"/>
  <system-out/>
  <testcase classname="com.seleniumParameter.TestNG_Ex1" name="testAssertions" time="0.004"/>
  <system-out/>
</testsuite> <!-- com.seleniumParameter.TestNG_Ex1 -->
