<?xml version="1.0" encoding="UTF-8"?>
<!-- Generated by org.testng.reporters.JUnitReportReporter -->
<testsuite hostname="YOGESH" failures="0" tests="3" name="com.testNG.DependencyTest" time="0.014" errors="0" timestamp="2022-06-24T13:41:19 IST" skipped="0">
  <testcase classname="com.testNG.DependencyTest" name="testSalutationMessage" time="0.002"/>
  <system-out/>
  <testcase classname="com.testNG.DependencyTest" name="testPrintMessage" time="0.003"/>
  <system-out/>
  <testcase classname="com.testNG.DependencyTest" name="initEnvironmentTest" time="0.009"/>
  <system-out/>
</testsuite> <!-- com.testNG.DependencyTest -->
